19:20:53.603 [main                     ] DEBUG Logger               - Configured Logger
19:20:53.615 [main                     ] DEBUG GameApplication      - Logging settings
Title: Clean Up!
Version: 0.0
Width: 600
Height: 600
Fullscreen: false
Intro: false
Profiling: false
Single step:false
App Mode: DEVELOPER
Menu Key: ESCAPE
Stage Style: DECORATED
Scene Factory: class com.wi3uplus2.cleanup.FXGLScrap.SceneController

19:20:53.858 [JavaFX Application Thread] DEBUG FXGLApplication      - Initializing FXGL
19:20:53.860 [JavaFX Application Thread] INFO  Engine               - FXGL-17.3 (30.03.2023 11.49) on WINDOWS (J:23.0.1 FX:17.0.6)
19:20:53.861 [JavaFX Application Thread] DEBUG Engine               - JRE Vendor Name: Oracle Corporation
19:20:53.861 [JavaFX Application Thread] DEBUG Engine               - Running on OS: Windows 11 version 10.0
19:20:53.861 [JavaFX Application Thread] DEBUG Engine               - Architecture: amd64
19:20:53.861 [JavaFX Application Thread] INFO  Engine               - Source code and latest versions at: https://github.com/AlmasB/FXGL
19:20:53.861 [JavaFX Application Thread] INFO  Engine               -       Ask questions and discuss at: https://github.com/AlmasB/FXGL/discussions
19:20:53.861 [JavaFX Application Thread] INFO  Engine               -              Join the FXGL chat at: https://gitter.im/AlmasB/FXGL
19:20:53.912 [JavaFX Application Thread] DEBUG PrimaryStageWindow   - Creating a JavaFX scene
19:20:53.938 [JavaFX Application Thread] DEBUG PrimaryStageWindow   - Target settings size: 600.0 x 600.0
19:20:53.938 [JavaFX Application Thread] DEBUG PrimaryStageWindow   - Scaled scene size:    600.0 x 600.0
19:20:53.938 [JavaFX Application Thread] DEBUG PrimaryStageWindow   - Scaled ratio: (1.0, 1.0)
19:20:53.940 [JavaFX Application Thread] DEBUG PrimaryStageWindow   - Set initial scene to FXGLStartupScene
19:20:53.942 [JavaFX Application Thread] DEBUG PrimaryStageWindow   - Opening main window
19:20:54.007 [JavaFX Application Thread] DEBUG PrimaryStageWindow   - Window border size: (14.4000244140625, 37.5999755859375)
19:20:54.007 [JavaFX Application Thread] DEBUG PrimaryStageWindow   - Scaled size: 600.0 x 600.0
19:20:54.007 [JavaFX Application Thread] DEBUG PrimaryStageWindow   - Scaled ratio: (1.0, 1.0)
19:20:54.007 [JavaFX Application Thread] DEBUG PrimaryStageWindow   - Scene size: 600.0 x 600.0
19:20:54.008 [JavaFX Application Thread] DEBUG PrimaryStageWindow   - Stage size: 614.4000244140625 x 637.5999755859375
19:20:54.013 [FXGL Background Thread 1 ] DEBUG Engine               - Initializing environment variables
19:20:54.075 [FXGL Background Thread 1 ] DEBUG FXGLAssetLoaderServi - User app class for loading assets: class com.wi3uplus2.cleanup.FXGLScrap.CleanUpApp
19:20:54.076 [FXGL Background Thread 1 ] DEBUG GameApplicationServi - Applying CSS: fxgl_dark.css
19:20:54.076 [FXGL Background Thread 1 ] DEBUG FXGLAssetLoaderServi - Loading from file system: jar:file:///C:/Users/MSI%20THIN%2015/.m2/repository/com/github/almasb/fxgl/17.3/fxgl-17.3.jar!/fxglassets/ui/css/fxgl_dark.css
19:20:54.107 [FXGL Background Thread 1 ] DEBUG GameApplicationServi - Initializing application scenes
19:20:54.141 [FXGL Background Thread 1 ] DEBUG GameWorld            - Game world initialized
19:20:54.186 [FXGL Background Thread 1 ] DEBUG PhysicsWorld         - Physics world initialized: appHeight=600, physics.ppm=50,0
19:20:54.186 [FXGL Background Thread 1 ] DEBUG PhysicsWorld         - Using strategy: BRUTE_FORCE
19:20:54.191 [FXGL Background Thread 1 ] DEBUG GameScene            - Game scene initialized: 600x600
19:20:54.196 [FXGL Background Thread 1 ] DEBUG GameApplicationServi - Application scenes initialized
19:20:54.212 [FXGL Background Thread 1 ] DEBUG SystemBundleService  - Loading FXGL system data
19:20:54.215 [FXGL Background Thread 1 ] DEBUG FileSystemAccess     - Reading from: C:\Users\MSI THIN 15\Documents\Code\Java\CleanUp\system\fxgl.bundle
19:20:54.224 [FXGL Background Thread 1 ] DEBUG SystemBundleService  - Bundle FXGL: {}
19:20:54.224 [FXGL Background Thread 1 ] DEBUG UpdaterService       - Checking for updates
19:20:54.230 [FXGL Background Thread 4 ] DEBUG FXGLApplication      - Loading fonts
19:20:54.231 [FXGL Background Thread 4 ] DEBUG FXGLAssetLoaderServi - Loading from file system: jar:file:///C:/Users/MSI%20THIN%2015/.m2/repository/com/github/almasb/fxgl/17.3/fxgl-17.3.jar!/fxglassets/ui/fonts/VarelaRound-Regular.ttf
19:20:54.231 [FXGL Background Thread 1 ] DEBUG FXGLApplication      - Loading default localization
19:20:54.232 [FXGL Background Thread 1 ] DEBUG FXGLAssetLoaderServi - Loading from file system: jar:file:///C:/Users/MSI%20THIN%2015/.m2/repository/com/github/almasb/fxgl/17.3/fxgl-17.3.jar!/fxglassets/languages/english.lang
19:20:54.240 [FXGL Background Thread 4 ] DEBUG FXGLAssetLoaderServi - Loading from file system: jar:file:///C:/Users/MSI%20THIN%2015/.m2/repository/com/github/almasb/fxgl/17.3/fxgl-17.3.jar!/fxglassets/ui/fonts/Abel-Regular.ttf
19:20:54.244 [FXGL Background Thread 4 ] DEBUG FXGLAssetLoaderServi - Loading from file system: jar:file:///C:/Users/MSI%20THIN%2015/.m2/repository/com/github/almasb/fxgl/17.3/fxgl-17.3.jar!/fxglassets/ui/fonts/TerminalLandMono-Regular.otf
19:20:54.247 [FXGL Background Thread 4 ] DEBUG FXGLAssetLoaderServi - Loading from file system: jar:file:///C:/Users/MSI%20THIN%2015/.m2/repository/com/github/almasb/fxgl/17.3/fxgl-17.3.jar!/fxglassets/ui/fonts/Courier-Prime.ttf
19:20:54.250 [FXGL Background Thread 1 ] INFO  FXGLApplication      - FXGL initialization took: 0,237 sec
19:20:54.252 [JavaFX Application Thread] DEBUG FXGLAssetLoaderServi - Loading from file system: jar:file:///C:/Users/MSI%20THIN%2015/.m2/repository/com/github/almasb/fxgl/17.3/fxgl-17.3.jar!/fxglassets/textures/fxgl_icon.png
19:20:54.286 [JavaFX Application Thread] DEBUG FXGLAssetLoaderServi - Loading from file system: jar:file:///C:/Users/MSI%20THIN%2015/.m2/repository/com/github/almasb/fxgl/17.3/fxgl-17.3.jar!/fxglassets/textures/fxgl_default_cursor.png
19:20:54.295 [JavaFX Application Thread] DEBUG Input                - Registered new binding: Screenshot - CTRL+8
19:20:54.296 [JavaFX Application Thread] DEBUG Input                - Registered new binding: System info dump - CTRL+9
19:20:54.296 [JavaFX Application Thread] DEBUG Input                - Registered new binding: Restart - CTRL+R
19:20:54.297 [JavaFX Application Thread] DEBUG Input                - Registered new binding: Toggle Debug Camera - CTRL+7
19:20:54.299 [JavaFX Application Thread] DEBUG LoopRunner           - Starting loop
19:20:54.299 [JavaFX Application Thread] DEBUG LoopRunner           - Initializing JavaFX AnimationTimerLoop
19:20:54.302 [JavaFX Application Thread] DEBUG Input                - Clearing active input actions
19:20:54.309 [JavaFX Application Thread] DEBUG GameApplicationServi - Removing overlay from FXGLStartupScene and adding to FXGLMainMenuDummyScene
19:20:54.309 [JavaFX Application Thread] DEBUG PrimaryStageWindow   - FXGLStartupScene -> FXGLMainMenuDummyScene
19:20:54.309 [JavaFX Application Thread] DEBUG PrimaryStageWindow   - Push state: MainMenu
19:20:54.309 [JavaFX Application Thread] DEBUG Input                - Clearing active input actions
19:20:54.317 [JavaFX Application Thread] DEBUG GameApplicationServi - Removing overlay from FXGLMainMenuDummyScene and adding to MainMenu
19:20:54.318 [JavaFX Application Thread] DEBUG PrimaryStageWindow   - FXGLMainMenuDummyScene -> MainMenu
19:20:54.318 [JavaFX Application Thread] DEBUG FXGLApplication      - Registering font factories with UI factory
19:20:54.622 [FXGL Background Thread 2 ] INFO  UpdaterService       - Your current version:  17.3
19:20:54.622 [FXGL Background Thread 2 ] INFO  UpdaterService       - Latest stable version: 21.1
19:20:55.100 [JavaFX Application Thread] DEBUG PrimaryStageWindow   - Push state: TransitionScreen
19:20:55.100 [JavaFX Application Thread] DEBUG Input                - Clearing active input actions
19:20:55.101 [JavaFX Application Thread] DEBUG GameApplicationServi - Removing overlay from MainMenu and adding to TransitionScreen
19:20:55.101 [JavaFX Application Thread] DEBUG PrimaryStageWindow   - MainMenu -> TransitionScreen
19:20:57.229 [FXGL Background Thread 3 ] DEBUG Engine               - Logging environment variables
19:20:57.229 [FXGL Background Thread 3 ] DEBUG Engine               - achievements: []
19:20:57.230 [FXGL Background Thread 3 ] DEBUG Engine               - actualHeight: 600.0
19:20:57.230 [FXGL Background Thread 3 ] DEBUG Engine               - actualHeightProperty: ReadOnlyDoubleProperty [value: 600.0]
19:20:57.230 [FXGL Background Thread 3 ] DEBUG Engine               - actualWidth: 600.0
19:20:57.230 [FXGL Background Thread 3 ] DEBUG Engine               - actualWidthProperty: ReadOnlyDoubleProperty [value: 600.0]
19:20:57.230 [FXGL Background Thread 3 ] DEBUG Engine               - appIcon: fxgl_icon.png
19:20:57.230 [FXGL Background Thread 3 ] DEBUG Engine               - applicationMode: DEVELOPER
19:20:57.230 [FXGL Background Thread 3 ] DEBUG Engine               - cSSList: [fxgl_dark.css]
19:20:57.230 [FXGL Background Thread 3 ] DEBUG Engine               - collisionDetectionStrategy: BRUTE_FORCE
19:20:57.230 [FXGL Background Thread 3 ] DEBUG Engine               - configClass: Optional.empty
19:20:57.230 [FXGL Background Thread 3 ] DEBUG Engine               - credits: []
19:20:57.231 [FXGL Background Thread 3 ] DEBUG Engine               - defaultCursor: CursorInfo(imageName=fxgl_default_cursor.png, hotspotX=7.0, hotspotY=6.0)
19:20:57.231 [FXGL Background Thread 3 ] DEBUG Engine               - devBBoxColorProperty: ObjectProperty [value: 0xff0000ff]
19:20:57.231 [FXGL Background Thread 3 ] DEBUG Engine               - devEnableDebugCameraProperty: BooleanProperty [value: false]
19:20:57.231 [FXGL Background Thread 3 ] DEBUG Engine               - devSensorColorProperty: ObjectProperty [value: 0xffff00ff]
19:20:57.231 [FXGL Background Thread 3 ] DEBUG Engine               - devShowBBoxProperty: BooleanProperty [value: false]
19:20:57.231 [FXGL Background Thread 3 ] DEBUG Engine               - devShowPositionProperty: BooleanProperty [value: false]
19:20:57.231 [FXGL Background Thread 3 ] DEBUG Engine               - enabledMenuItems: []
19:20:57.231 [FXGL Background Thread 3 ] DEBUG Engine               - engineServices: [class com.almasb.fxgl.app.services.FXGLAssetLoaderService, class com.almasb.fxgl.app.FXGLApplication$GameApplicationService, class com.almasb.fxgl.app.services.FXGLDialogService, class com.almasb.fxgl.app.services.IOTaskExecutorService, class com.almasb.fxgl.io.FileSystemService, class com.almasb.fxgl.localization.LocalizationService, class com.almasb.fxgl.app.services.SystemBundleService, class com.almasb.fxgl.profile.SaveLoadService, class com.almasb.fxgl.ui.FXGLUIFactoryServiceProvider, class com.almasb.fxgl.ui.FXGLDialogFactoryServiceProvider, class com.almasb.fxgl.audio.AudioPlayer, class com.almasb.fxgl.notification.impl.NotificationServiceProvider, class com.almasb.fxgl.achievement.AchievementService, class com.almasb.fxgl.cutscene.CutsceneService, class com.almasb.fxgl.minigames.MiniGameService, class com.almasb.fxgl.net.NetService, class com.almasb.fxgl.app.services.UpdaterService, class com.almasb.fxgl.dev.DevService]
19:20:57.231 [FXGL Background Thread 3 ] DEBUG Engine               - fontGame: Abel-Regular.ttf
19:20:57.231 [FXGL Background Thread 3 ] DEBUG Engine               - fontMono: TerminalLandMono-Regular.otf
19:20:57.231 [FXGL Background Thread 3 ] DEBUG Engine               - fontSizeScaleUI: 1.0
19:20:57.231 [FXGL Background Thread 3 ] DEBUG Engine               - fontText: Courier-Prime.ttf
19:20:57.231 [FXGL Background Thread 3 ] DEBUG Engine               - fontUI: VarelaRound-Regular.ttf
19:20:57.231 [FXGL Background Thread 3 ] DEBUG Engine               - fullScreen: BooleanProperty [value: false]
19:20:57.232 [FXGL Background Thread 3 ] DEBUG Engine               - gameDifficulty: MEDIUM
19:20:57.232 [FXGL Background Thread 3 ] DEBUG Engine               - gameDifficultyProperty: ObjectProperty [value: MEDIUM]
19:20:57.232 [FXGL Background Thread 3 ] DEBUG Engine               - globalMusicVolume: 0.5
19:20:57.232 [FXGL Background Thread 3 ] DEBUG Engine               - globalMusicVolumeProperty: DoubleProperty [value: 0.5]
19:20:57.232 [FXGL Background Thread 3 ] DEBUG Engine               - globalSoundVolume: 0.5
19:20:57.232 [FXGL Background Thread 3 ] DEBUG Engine               - globalSoundVolumeProperty: DoubleProperty [value: 0.5]
19:20:57.232 [FXGL Background Thread 3 ] DEBUG Engine               - height: 600
19:20:57.232 [FXGL Background Thread 3 ] DEBUG Engine               - is3D: false
19:20:57.232 [FXGL Background Thread 3 ] DEBUG Engine               - isAndroid: false
19:20:57.232 [FXGL Background Thread 3 ] DEBUG Engine               - isBrowser: false
19:20:57.232 [FXGL Background Thread 3 ] DEBUG Engine               - isClickFeedbackEnabled: false
19:20:57.232 [FXGL Background Thread 3 ] DEBUG Engine               - isCloseConfirmation: false
19:20:57.232 [FXGL Background Thread 3 ] DEBUG Engine               - isDesktop: true
19:20:57.232 [FXGL Background Thread 3 ] DEBUG Engine               - isDeveloperMenuEnabled: false
19:20:57.232 [FXGL Background Thread 3 ] DEBUG Engine               - isEmbedded: false
19:20:57.232 [FXGL Background Thread 3 ] DEBUG Engine               - isEntityPreloadEnabled: true
19:20:57.232 [FXGL Background Thread 3 ] DEBUG Engine               - isExperimentalTiledLargeMap: false
19:20:57.232 [FXGL Background Thread 3 ] DEBUG Engine               - isFileSystemWriteAllowed: true
19:20:57.232 [FXGL Background Thread 3 ] DEBUG Engine               - isFullScreenAllowed: false
19:20:57.232 [FXGL Background Thread 3 ] DEBUG Engine               - isFullScreenFromStart: false
19:20:57.232 [FXGL Background Thread 3 ] DEBUG Engine               - isGameMenuEnabled: false
19:20:57.232 [FXGL Background Thread 3 ] DEBUG Engine               - isIOS: false
19:20:57.232 [FXGL Background Thread 3 ] DEBUG Engine               - isIntroEnabled: false
19:20:57.232 [FXGL Background Thread 3 ] DEBUG Engine               - isLinux: false
19:20:57.232 [FXGL Background Thread 3 ] DEBUG Engine               - isMac: false
19:20:57.232 [FXGL Background Thread 3 ] DEBUG Engine               - isMainMenuEnabled: true
19:20:57.232 [FXGL Background Thread 3 ] DEBUG Engine               - isManualResizeEnabled: false
19:20:57.232 [FXGL Background Thread 3 ] DEBUG Engine               - isMobile: false
19:20:57.232 [FXGL Background Thread 3 ] DEBUG Engine               - isNative: false
19:20:57.232 [FXGL Background Thread 3 ] DEBUG Engine               - isPauseMusicWhenMinimized: true
19:20:57.232 [FXGL Background Thread 3 ] DEBUG Engine               - isPreserveResizeRatio: false
19:20:57.232 [FXGL Background Thread 3 ] DEBUG Engine               - isProfilingEnabled: false
19:20:57.232 [FXGL Background Thread 3 ] DEBUG Engine               - isScaleAffectedOnResize: true
19:20:57.232 [FXGL Background Thread 3 ] DEBUG Engine               - isSingleStep: false
19:20:57.232 [FXGL Background Thread 3 ] DEBUG Engine               - isUserProfileEnabled: false
19:20:57.232 [FXGL Background Thread 3 ] DEBUG Engine               - isWindows: true
19:20:57.232 [FXGL Background Thread 3 ] DEBUG Engine               - language: ObjectProperty [value: ENGLISH]
19:20:57.232 [FXGL Background Thread 3 ] DEBUG Engine               - menuKey: ESCAPE
19:20:57.233 [FXGL Background Thread 3 ] DEBUG Engine               - mouseSensitivity: 0.2
19:20:57.233 [FXGL Background Thread 3 ] DEBUG Engine               - notificationViewClass: class com.almasb.fxgl.notification.view.XboxNotificationView
19:20:57.233 [FXGL Background Thread 3 ] DEBUG Engine               - pixelsPerMeter: 50.0
19:20:57.233 [FXGL Background Thread 3 ] DEBUG Engine               - platform: WINDOWS
19:20:57.233 [FXGL Background Thread 3 ] DEBUG Engine               - prefHeightProperty: ReadOnlyDoubleProperty [value: 600.0]
19:20:57.233 [FXGL Background Thread 3 ] DEBUG Engine               - prefWidthProperty: ReadOnlyDoubleProperty [value: 600.0]
19:20:57.233 [FXGL Background Thread 3 ] DEBUG Engine               - profileDir: profiles/
19:20:57.233 [FXGL Background Thread 3 ] DEBUG Engine               - profileName: StringProperty [value: DEFAULT]
19:20:57.233 [FXGL Background Thread 3 ] DEBUG Engine               - randomSeed: -1
19:20:57.233 [FXGL Background Thread 3 ] DEBUG Engine               - runtimeInfo: RuntimeInfo(platform=WINDOWS, version=17.3, build=30.03.2023 11.49)
19:20:57.234 [FXGL Background Thread 3 ] DEBUG Engine               - saveFileExt: sav
19:20:57.234 [FXGL Background Thread 3 ] DEBUG Engine               - scaledHeightProp$fxgl: DoubleProperty [bound, value: 600.0]
19:20:57.234 [FXGL Background Thread 3 ] DEBUG Engine               - scaledWidthProp$fxgl: DoubleProperty [bound, value: 600.0]
19:20:57.234 [FXGL Background Thread 3 ] DEBUG Engine               - sceneFactory: com.wi3uplus2.cleanup.FXGLScrap.SceneController@450198c3
19:20:57.234 [FXGL Background Thread 3 ] DEBUG Engine               - secondsIn24h: 60
19:20:57.234 [FXGL Background Thread 3 ] DEBUG Engine               - soundMenuBack: menu/back.wav
19:20:57.234 [FXGL Background Thread 3 ] DEBUG Engine               - soundMenuPress: menu/press.wav
19:20:57.234 [FXGL Background Thread 3 ] DEBUG Engine               - soundMenuSelect: menu/select.wav
19:20:57.234 [FXGL Background Thread 3 ] DEBUG Engine               - soundNotification: core/notification.wav
19:20:57.234 [FXGL Background Thread 3 ] DEBUG Engine               - stageStyle: DECORATED
19:20:57.234 [FXGL Background Thread 3 ] DEBUG Engine               - supportedLanguages: [ENGLISH, FRENCH, GERMAN, HUNGARIAN, RUSSIAN]
19:20:57.234 [FXGL Background Thread 3 ] DEBUG Engine               - ticksPerSecond: -1
19:20:57.234 [FXGL Background Thread 3 ] DEBUG Engine               - title: Clean Up!
19:20:57.234 [FXGL Background Thread 3 ] DEBUG Engine               - urlGithub: https://github.com/AlmasB/FXGL
19:20:57.234 [FXGL Background Thread 3 ] DEBUG Engine               - urlLeaderboard: http://fxgl-top.herokuapp.com/
19:20:57.234 [FXGL Background Thread 3 ] DEBUG Engine               - urlPOM: https://raw.githubusercontent.com/AlmasB/FXGL/release/README.md
19:20:57.234 [FXGL Background Thread 3 ] DEBUG Engine               - userAppClass: class com.wi3uplus2.cleanup.FXGLScrap.CleanUpApp
19:20:57.234 [FXGL Background Thread 3 ] DEBUG Engine               - version: 0.0
19:20:57.234 [FXGL Background Thread 3 ] DEBUG Engine               - versionCheckDays: 7
19:20:57.234 [FXGL Background Thread 3 ] DEBUG Engine               - width: 600
19:20:57.234 [FXGL Background Thread 3 ] DEBUG Engine               - Logging services
19:20:57.234 [FXGL Background Thread 3 ] DEBUG Engine               - class com.almasb.fxgl.app.services.FXGLAssetLoaderService
19:20:57.234 [FXGL Background Thread 3 ] DEBUG Engine               - class com.almasb.fxgl.app.FXGLApplication$GameApplicationService
19:20:57.234 [FXGL Background Thread 3 ] DEBUG Engine               - class com.almasb.fxgl.app.services.FXGLDialogService
19:20:57.234 [FXGL Background Thread 3 ] DEBUG Engine               - class com.almasb.fxgl.app.services.IOTaskExecutorService
19:20:57.234 [FXGL Background Thread 3 ] DEBUG Engine               - class com.almasb.fxgl.io.FileSystemService
19:20:57.234 [FXGL Background Thread 3 ] DEBUG Engine               - class com.almasb.fxgl.localization.LocalizationService
19:20:57.234 [FXGL Background Thread 3 ] DEBUG Engine               - class com.almasb.fxgl.app.services.SystemBundleService
19:20:57.234 [FXGL Background Thread 3 ] DEBUG Engine               - class com.almasb.fxgl.profile.SaveLoadService
19:20:57.234 [FXGL Background Thread 3 ] DEBUG Engine               - class com.almasb.fxgl.ui.FXGLUIFactoryServiceProvider
19:20:57.234 [FXGL Background Thread 3 ] DEBUG Engine               - class com.almasb.fxgl.ui.FXGLDialogFactoryServiceProvider
19:20:57.234 [FXGL Background Thread 3 ] DEBUG Engine               - class com.almasb.fxgl.audio.AudioPlayer
19:20:57.234 [FXGL Background Thread 3 ] DEBUG Engine               - class com.almasb.fxgl.notification.impl.NotificationServiceProvider
19:20:57.234 [FXGL Background Thread 3 ] DEBUG Engine               - class com.almasb.fxgl.achievement.AchievementService
19:20:57.234 [FXGL Background Thread 3 ] DEBUG Engine               - class com.almasb.fxgl.cutscene.CutsceneService
19:20:57.234 [FXGL Background Thread 3 ] DEBUG Engine               - class com.almasb.fxgl.minigames.MiniGameService
19:20:57.235 [FXGL Background Thread 3 ] DEBUG Engine               - class com.almasb.fxgl.net.NetService
19:20:57.235 [FXGL Background Thread 3 ] DEBUG Engine               - class com.almasb.fxgl.app.services.UpdaterService
19:20:57.235 [FXGL Background Thread 3 ] DEBUG Engine               - class com.almasb.fxgl.dev.DevService
19:21:02.619 [JavaFX Application Thread] DEBUG Menu                 - fireExit()
19:21:02.623 [JavaFX Application Thread] DEBUG PrimaryStageWindow   - Push state: DialogSubScene
19:21:02.623 [JavaFX Application Thread] DEBUG Input                - Clearing active input actions
19:21:02.624 [JavaFX Application Thread] DEBUG GameApplicationServi - Removing overlay from TransitionScreen and adding to DialogSubScene
19:21:02.624 [JavaFX Application Thread] DEBUG PrimaryStageWindow   - TransitionScreen -> DialogSubScene
19:21:03.215 [JavaFX Application Thread] DEBUG PrimaryStageWindow   - Pop state: DialogSubScene
19:21:03.216 [JavaFX Application Thread] DEBUG Input                - Clearing active input actions
19:21:03.216 [JavaFX Application Thread] DEBUG GameApplicationServi - Removing overlay from DialogSubScene and adding to TransitionScreen
19:21:03.216 [JavaFX Application Thread] DEBUG PrimaryStageWindow   - TransitionScreen <- DialogSubScene
19:21:03.216 [JavaFX Application Thread] DEBUG FXGLApplication      - Exiting FXGL
19:21:03.216 [JavaFX Application Thread] DEBUG LoopRunner           - Stopping loop
19:21:03.216 [JavaFX Application Thread] DEBUG SystemBundleService  - Saving FXGL system data
19:21:03.218 [JavaFX Application Thread] DEBUG FileSystemAccess     - Writing to: C:\Users\MSI THIN 15\Documents\Code\Java\CleanUp\system\fxgl.bundle
19:21:03.219 [JavaFX Application Thread] DEBUG Async                - Shutting down background threads
19:21:03.220 [JavaFX Application Thread] DEBUG PrimaryStageWindow   - Closing main window
19:21:03.235 [JavaFX Application Thread] DEBUG Logger               - Closing Logger
