19:16:05.368 [main                     ] DEBUG Logger               - Configured Logger
19:16:05.380 [main                     ] DEBUG GameApplication      - Logging settings
Title: Clean Up!
Version: 0.0
Width: 600
Height: 600
Fullscreen: false
Intro: false
Profiling: false
Single step:false
App Mode: DEVELOPER
Menu Key: ESCAPE
Stage Style: DECORATED
Scene Factory: class com.wi3uplus2.cleanup.FXGLScrap.SceneController

19:16:05.628 [JavaFX Application Thread] DEBUG FXGLApplication      - Initializing FXGL
19:16:05.632 [JavaFX Application Thread] INFO  Engine               - FXGL-17.3 (30.03.2023 11.49) on WINDOWS (J:23.0.1 FX:17.0.6)
19:16:05.632 [JavaFX Application Thread] DEBUG Engine               - JRE Vendor Name: Oracle Corporation
19:16:05.632 [JavaFX Application Thread] DEBUG Engine               - Running on OS: Windows 11 version 10.0
19:16:05.632 [JavaFX Application Thread] DEBUG Engine               - Architecture: amd64
19:16:05.632 [JavaFX Application Thread] INFO  Engine               - Source code and latest versions at: https://github.com/AlmasB/FXGL
19:16:05.633 [JavaFX Application Thread] INFO  Engine               -       Ask questions and discuss at: https://github.com/AlmasB/FXGL/discussions
19:16:05.633 [JavaFX Application Thread] INFO  Engine               -              Join the FXGL chat at: https://gitter.im/AlmasB/FXGL
19:16:05.685 [JavaFX Application Thread] DEBUG PrimaryStageWindow   - Creating a JavaFX scene
19:16:05.711 [JavaFX Application Thread] DEBUG PrimaryStageWindow   - Target settings size: 600.0 x 600.0
19:16:05.711 [JavaFX Application Thread] DEBUG PrimaryStageWindow   - Scaled scene size:    600.0 x 600.0
19:16:05.713 [JavaFX Application Thread] DEBUG PrimaryStageWindow   - Scaled ratio: (1.0, 1.0)
19:16:05.713 [JavaFX Application Thread] DEBUG PrimaryStageWindow   - Set initial scene to FXGLStartupScene
19:16:05.716 [JavaFX Application Thread] DEBUG PrimaryStageWindow   - Opening main window
19:16:05.781 [JavaFX Application Thread] DEBUG PrimaryStageWindow   - Window border size: (14.4000244140625, 37.5999755859375)
19:16:05.781 [JavaFX Application Thread] DEBUG PrimaryStageWindow   - Scaled size: 600.0 x 600.0
19:16:05.781 [JavaFX Application Thread] DEBUG PrimaryStageWindow   - Scaled ratio: (1.0, 1.0)
19:16:05.782 [JavaFX Application Thread] DEBUG PrimaryStageWindow   - Scene size: 600.0 x 600.0
19:16:05.782 [JavaFX Application Thread] DEBUG PrimaryStageWindow   - Stage size: 614.4000244140625 x 637.5999755859375
19:16:05.789 [FXGL Background Thread 1 ] DEBUG Engine               - Initializing environment variables
19:16:05.851 [FXGL Background Thread 1 ] DEBUG FXGLAssetLoaderServi - User app class for loading assets: class com.wi3uplus2.cleanup.FXGLScrap.CleanUpApp
19:16:05.851 [FXGL Background Thread 1 ] DEBUG GameApplicationServi - Applying CSS: fxgl_dark.css
19:16:05.852 [FXGL Background Thread 1 ] DEBUG FXGLAssetLoaderServi - Loading from file system: jar:file:///C:/Users/MSI%20THIN%2015/.m2/repository/com/github/almasb/fxgl/17.3/fxgl-17.3.jar!/fxglassets/ui/css/fxgl_dark.css
19:16:05.881 [FXGL Background Thread 1 ] DEBUG GameApplicationServi - Initializing application scenes
19:16:05.911 [FXGL Background Thread 1 ] DEBUG GameWorld            - Game world initialized
19:16:05.958 [FXGL Background Thread 1 ] DEBUG PhysicsWorld         - Physics world initialized: appHeight=600, physics.ppm=50,0
19:16:05.958 [FXGL Background Thread 1 ] DEBUG PhysicsWorld         - Using strategy: BRUTE_FORCE
19:16:05.962 [FXGL Background Thread 1 ] DEBUG GameScene            - Game scene initialized: 600x600
19:16:05.967 [FXGL Background Thread 1 ] DEBUG GameApplicationServi - Application scenes initialized
19:16:05.981 [FXGL Background Thread 1 ] DEBUG SystemBundleService  - Loading FXGL system data
19:16:05.984 [FXGL Background Thread 1 ] DEBUG FileSystemAccess     - Reading from: C:\Users\MSI THIN 15\Documents\Code\Java\CleanUp\system\fxgl.bundle
19:16:05.990 [FXGL Background Thread 1 ] DEBUG SystemBundleService  - Bundle FXGL: {}
19:16:05.990 [FXGL Background Thread 1 ] DEBUG UpdaterService       - Checking for updates
19:16:05.994 [FXGL Background Thread 4 ] DEBUG FXGLApplication      - Loading fonts
19:16:05.994 [FXGL Background Thread 4 ] DEBUG FXGLAssetLoaderServi - Loading from file system: jar:file:///C:/Users/MSI%20THIN%2015/.m2/repository/com/github/almasb/fxgl/17.3/fxgl-17.3.jar!/fxglassets/ui/fonts/VarelaRound-Regular.ttf
19:16:05.994 [FXGL Background Thread 1 ] DEBUG FXGLApplication      - Loading default localization
19:16:05.996 [FXGL Background Thread 1 ] DEBUG FXGLAssetLoaderServi - Loading from file system: jar:file:///C:/Users/MSI%20THIN%2015/.m2/repository/com/github/almasb/fxgl/17.3/fxgl-17.3.jar!/fxglassets/languages/english.lang
19:16:06.005 [FXGL Background Thread 4 ] DEBUG FXGLAssetLoaderServi - Loading from file system: jar:file:///C:/Users/MSI%20THIN%2015/.m2/repository/com/github/almasb/fxgl/17.3/fxgl-17.3.jar!/fxglassets/ui/fonts/Abel-Regular.ttf
19:16:06.008 [FXGL Background Thread 4 ] DEBUG FXGLAssetLoaderServi - Loading from file system: jar:file:///C:/Users/MSI%20THIN%2015/.m2/repository/com/github/almasb/fxgl/17.3/fxgl-17.3.jar!/fxglassets/ui/fonts/TerminalLandMono-Regular.otf
19:16:06.011 [FXGL Background Thread 4 ] DEBUG FXGLAssetLoaderServi - Loading from file system: jar:file:///C:/Users/MSI%20THIN%2015/.m2/repository/com/github/almasb/fxgl/17.3/fxgl-17.3.jar!/fxglassets/ui/fonts/Courier-Prime.ttf
19:16:06.017 [JavaFX Application Thread] DEBUG FXGLApplication      - Registering font factories with UI factory
19:16:06.022 [FXGL Background Thread 1 ] INFO  FXGLApplication      - FXGL initialization took: 0,233 sec
19:16:06.023 [JavaFX Application Thread] DEBUG FXGLAssetLoaderServi - Loading from file system: jar:file:///C:/Users/MSI%20THIN%2015/.m2/repository/com/github/almasb/fxgl/17.3/fxgl-17.3.jar!/fxglassets/textures/fxgl_icon.png
19:16:06.061 [JavaFX Application Thread] DEBUG FXGLAssetLoaderServi - Loading from file system: jar:file:///C:/Users/MSI%20THIN%2015/.m2/repository/com/github/almasb/fxgl/17.3/fxgl-17.3.jar!/fxglassets/textures/fxgl_default_cursor.png
19:16:06.067 [JavaFX Application Thread] DEBUG Input                - Registered new binding: Screenshot - CTRL+8
19:16:06.067 [JavaFX Application Thread] DEBUG Input                - Registered new binding: System info dump - CTRL+9
19:16:06.068 [JavaFX Application Thread] DEBUG Input                - Registered new binding: Restart - CTRL+R
19:16:06.068 [JavaFX Application Thread] DEBUG Input                - Registered new binding: Toggle Debug Camera - CTRL+7
19:16:06.072 [JavaFX Application Thread] DEBUG LoopRunner           - Starting loop
19:16:06.072 [JavaFX Application Thread] DEBUG LoopRunner           - Initializing JavaFX AnimationTimerLoop
19:16:06.074 [JavaFX Application Thread] DEBUG Input                - Clearing active input actions
19:16:06.079 [JavaFX Application Thread] DEBUG GameApplicationServi - Removing overlay from FXGLStartupScene and adding to FXGLMainMenuDummyScene
19:16:06.079 [JavaFX Application Thread] DEBUG PrimaryStageWindow   - FXGLStartupScene -> FXGLMainMenuDummyScene
19:16:06.079 [JavaFX Application Thread] DEBUG PrimaryStageWindow   - Push state: MainMenu
19:16:06.079 [JavaFX Application Thread] DEBUG Input                - Clearing active input actions
19:16:06.082 [JavaFX Application Thread] DEBUG GameApplicationServi - Removing overlay from FXGLMainMenuDummyScene and adding to MainMenu
19:16:06.082 [JavaFX Application Thread] DEBUG PrimaryStageWindow   - FXGLMainMenuDummyScene -> MainMenu
19:16:06.414 [FXGL Background Thread 2 ] INFO  UpdaterService       - Your current version:  17.3
19:16:06.414 [FXGL Background Thread 2 ] INFO  UpdaterService       - Latest stable version: 21.1
19:16:07.049 [JavaFX Application Thread] DEBUG Menu                 - fireNewGame()
19:16:07.049 [JavaFX Application Thread] DEBUG GameApplicationServi - Starting new game
19:16:07.049 [JavaFX Application Thread] DEBUG PrimaryStageWindow   - Pop state: MainMenu
19:16:07.049 [JavaFX Application Thread] DEBUG Input                - Clearing active input actions
19:16:07.050 [JavaFX Application Thread] DEBUG GameApplicationServi - Removing overlay from MainMenu and adding to FXGLMainMenuDummyScene
19:16:07.050 [JavaFX Application Thread] DEBUG PrimaryStageWindow   - FXGLMainMenuDummyScene <- MainMenu
19:16:07.050 [JavaFX Application Thread] DEBUG Input                - Clearing active input actions
19:16:07.056 [JavaFX Application Thread] DEBUG GameApplicationServi - Removing overlay from FXGLMainMenuDummyScene and adding to FXGLLoadingScene
19:16:07.056 [JavaFX Application Thread] DEBUG PrimaryStageWindow   - FXGLMainMenuDummyScene -> FXGLLoadingScene
19:16:07.056 [JavaFX Application Thread] DEBUG GameApplicationServi - Clearing previous game
19:16:07.056 [JavaFX Application Thread] DEBUG GameScene            - Clearing game scene
19:16:07.056 [JavaFX Application Thread] DEBUG GameWorld            - Clearing game world
19:16:07.056 [JavaFX Application Thread] DEBUG PhysicsWorld         - Clearing physics world
19:16:07.057 [FXGL Background Thread 2 ] DEBUG FXGLApplication      - Initializing game
19:16:07.059 [FXGL Background Thread 2 ] INFO  FXGLApplication      - Game initialization took: 0,001 sec
19:16:07.059 [JavaFX Application Thread] DEBUG Input                - Clearing active input actions
19:16:07.064 [JavaFX Application Thread] DEBUG GameApplicationServi - Removing overlay from FXGLLoadingScene and adding to GameScene
19:16:07.064 [JavaFX Application Thread] DEBUG PrimaryStageWindow   - FXGLLoadingScene -> GameScene
19:16:08.818 [JavaFX Application Thread] DEBUG FXGLApplication      - Exiting FXGL
19:16:08.818 [JavaFX Application Thread] DEBUG LoopRunner           - Stopping loop
19:16:08.818 [JavaFX Application Thread] DEBUG SystemBundleService  - Saving FXGL system data
19:16:08.821 [JavaFX Application Thread] DEBUG FileSystemAccess     - Writing to: C:\Users\MSI THIN 15\Documents\Code\Java\CleanUp\system\fxgl.bundle
19:16:08.822 [JavaFX Application Thread] DEBUG Async                - Shutting down background threads
19:16:08.822 [JavaFX Application Thread] DEBUG PrimaryStageWindow   - Closing main window
19:16:08.837 [JavaFX Application Thread] DEBUG Logger               - Closing Logger
