19:15:19.184 [main                     ] DEBUG Logger               - Configured Logger
19:15:19.198 [main                     ] DEBUG GameApplication      - Logging settings
Title: Clean Up!
Version: 0.0
Width: 600
Height: 600
Fullscreen: false
Intro: false
Profiling: false
Single step:false
App Mode: DEVELOPER
Menu Key: ESCAPE
Stage Style: DECORATED
Scene Factory: class com.wi3uplus2.cleanup.FXGLScrap.SceneController

19:15:19.472 [JavaFX Application Thread] DEBUG FXGLApplication      - Initializing FXGL
19:15:19.475 [JavaFX Application Thread] INFO  Engine               - FXGL-17.3 (30.03.2023 11.49) on WINDOWS (J:23.0.1 FX:17.0.6)
19:15:19.475 [JavaFX Application Thread] DEBUG Engine               - JRE Vendor Name: Oracle Corporation
19:15:19.475 [JavaFX Application Thread] DEBUG Engine               - Running on OS: Windows 11 version 10.0
19:15:19.475 [JavaFX Application Thread] DEBUG Engine               - Architecture: amd64
19:15:19.475 [JavaFX Application Thread] INFO  Engine               - Source code and latest versions at: https://github.com/AlmasB/FXGL
19:15:19.475 [JavaFX Application Thread] INFO  Engine               -       Ask questions and discuss at: https://github.com/AlmasB/FXGL/discussions
19:15:19.475 [JavaFX Application Thread] INFO  Engine               -              Join the FXGL chat at: https://gitter.im/AlmasB/FXGL
19:15:19.534 [JavaFX Application Thread] DEBUG PrimaryStageWindow   - Creating a JavaFX scene
19:15:19.562 [JavaFX Application Thread] DEBUG PrimaryStageWindow   - Target settings size: 600.0 x 600.0
19:15:19.562 [JavaFX Application Thread] DEBUG PrimaryStageWindow   - Scaled scene size:    600.0 x 600.0
19:15:19.563 [JavaFX Application Thread] DEBUG PrimaryStageWindow   - Scaled ratio: (1.0, 1.0)
19:15:19.563 [JavaFX Application Thread] DEBUG PrimaryStageWindow   - Set initial scene to FXGLStartupScene
19:15:19.567 [JavaFX Application Thread] DEBUG PrimaryStageWindow   - Opening main window
19:15:19.628 [JavaFX Application Thread] DEBUG PrimaryStageWindow   - Window border size: (14.4000244140625, 37.5999755859375)
19:15:19.628 [JavaFX Application Thread] DEBUG PrimaryStageWindow   - Scaled size: 600.0 x 600.0
19:15:19.628 [JavaFX Application Thread] DEBUG PrimaryStageWindow   - Scaled ratio: (1.0, 1.0)
19:15:19.628 [JavaFX Application Thread] DEBUG PrimaryStageWindow   - Scene size: 600.0 x 600.0
19:15:19.629 [JavaFX Application Thread] DEBUG PrimaryStageWindow   - Stage size: 614.4000244140625 x 637.5999755859375
19:15:19.634 [FXGL Background Thread 1 ] DEBUG Engine               - Initializing environment variables
19:15:19.696 [FXGL Background Thread 1 ] DEBUG FXGLAssetLoaderServi - User app class for loading assets: class com.wi3uplus2.cleanup.FXGLScrap.CleanUpApp
19:15:19.696 [FXGL Background Thread 1 ] DEBUG GameApplicationServi - Applying CSS: fxgl_dark.css
19:15:19.697 [FXGL Background Thread 1 ] DEBUG FXGLAssetLoaderServi - Loading from file system: jar:file:///C:/Users/MSI%20THIN%2015/.m2/repository/com/github/almasb/fxgl/17.3/fxgl-17.3.jar!/fxglassets/ui/css/fxgl_dark.css
19:15:19.727 [FXGL Background Thread 1 ] DEBUG GameApplicationServi - Initializing application scenes
19:15:19.763 [FXGL Background Thread 1 ] DEBUG GameWorld            - Game world initialized
19:15:19.816 [FXGL Background Thread 1 ] DEBUG PhysicsWorld         - Physics world initialized: appHeight=600, physics.ppm=50,0
19:15:19.816 [FXGL Background Thread 1 ] DEBUG PhysicsWorld         - Using strategy: BRUTE_FORCE
19:15:19.820 [FXGL Background Thread 1 ] DEBUG GameScene            - Game scene initialized: 600x600
19:15:19.825 [FXGL Background Thread 1 ] DEBUG GameApplicationServi - Application scenes initialized
19:15:19.841 [FXGL Background Thread 1 ] DEBUG SystemBundleService  - Loading FXGL system data
19:15:19.845 [FXGL Background Thread 1 ] DEBUG FileSystemAccess     - Reading from: C:\Users\MSI THIN 15\Documents\Code\Java\CleanUp\system\fxgl.bundle
19:15:19.851 [FXGL Background Thread 1 ] DEBUG SystemBundleService  - Bundle FXGL: {}
19:15:19.851 [FXGL Background Thread 1 ] DEBUG UpdaterService       - Checking for updates
19:15:19.856 [FXGL Background Thread 4 ] DEBUG FXGLApplication      - Loading fonts
19:15:19.857 [FXGL Background Thread 1 ] DEBUG FXGLApplication      - Loading default localization
19:15:19.857 [FXGL Background Thread 4 ] DEBUG FXGLAssetLoaderServi - Loading from file system: jar:file:///C:/Users/MSI%20THIN%2015/.m2/repository/com/github/almasb/fxgl/17.3/fxgl-17.3.jar!/fxglassets/ui/fonts/VarelaRound-Regular.ttf
19:15:19.857 [FXGL Background Thread 1 ] DEBUG FXGLAssetLoaderServi - Loading from file system: jar:file:///C:/Users/MSI%20THIN%2015/.m2/repository/com/github/almasb/fxgl/17.3/fxgl-17.3.jar!/fxglassets/languages/english.lang
19:15:19.866 [FXGL Background Thread 4 ] DEBUG FXGLAssetLoaderServi - Loading from file system: jar:file:///C:/Users/MSI%20THIN%2015/.m2/repository/com/github/almasb/fxgl/17.3/fxgl-17.3.jar!/fxglassets/ui/fonts/Abel-Regular.ttf
19:15:19.868 [FXGL Background Thread 4 ] DEBUG FXGLAssetLoaderServi - Loading from file system: jar:file:///C:/Users/MSI%20THIN%2015/.m2/repository/com/github/almasb/fxgl/17.3/fxgl-17.3.jar!/fxglassets/ui/fonts/TerminalLandMono-Regular.otf
19:15:19.874 [FXGL Background Thread 4 ] DEBUG FXGLAssetLoaderServi - Loading from file system: jar:file:///C:/Users/MSI%20THIN%2015/.m2/repository/com/github/almasb/fxgl/17.3/fxgl-17.3.jar!/fxglassets/ui/fonts/Courier-Prime.ttf
19:15:19.879 [FXGL Background Thread 1 ] INFO  FXGLApplication      - FXGL initialization took: 0,245 sec
19:15:19.880 [JavaFX Application Thread] DEBUG FXGLAssetLoaderServi - Loading from file system: jar:file:///C:/Users/MSI%20THIN%2015/.m2/repository/com/github/almasb/fxgl/17.3/fxgl-17.3.jar!/fxglassets/textures/fxgl_icon.png
19:15:19.915 [JavaFX Application Thread] DEBUG FXGLAssetLoaderServi - Loading from file system: jar:file:///C:/Users/MSI%20THIN%2015/.m2/repository/com/github/almasb/fxgl/17.3/fxgl-17.3.jar!/fxglassets/textures/fxgl_default_cursor.png
19:15:19.922 [JavaFX Application Thread] DEBUG Input                - Registered new binding: Screenshot - CTRL+8
19:15:19.922 [JavaFX Application Thread] DEBUG Input                - Registered new binding: System info dump - CTRL+9
19:15:19.922 [JavaFX Application Thread] DEBUG Input                - Registered new binding: Restart - CTRL+R
19:15:19.923 [JavaFX Application Thread] DEBUG Input                - Registered new binding: Toggle Debug Camera - CTRL+7
19:15:19.926 [JavaFX Application Thread] DEBUG LoopRunner           - Starting loop
19:15:19.926 [JavaFX Application Thread] DEBUG LoopRunner           - Initializing JavaFX AnimationTimerLoop
19:15:19.928 [JavaFX Application Thread] DEBUG Input                - Clearing active input actions
19:15:19.934 [JavaFX Application Thread] DEBUG GameApplicationServi - Removing overlay from FXGLStartupScene and adding to FXGLMainMenuDummyScene
19:15:19.934 [JavaFX Application Thread] DEBUG PrimaryStageWindow   - FXGLStartupScene -> FXGLMainMenuDummyScene
19:15:19.934 [JavaFX Application Thread] DEBUG PrimaryStageWindow   - Push state: MainMenu
19:15:19.934 [JavaFX Application Thread] DEBUG Input                - Clearing active input actions
19:15:19.940 [JavaFX Application Thread] DEBUG GameApplicationServi - Removing overlay from FXGLMainMenuDummyScene and adding to MainMenu
19:15:19.941 [JavaFX Application Thread] DEBUG PrimaryStageWindow   - FXGLMainMenuDummyScene -> MainMenu
19:15:19.941 [JavaFX Application Thread] DEBUG FXGLApplication      - Registering font factories with UI factory
19:15:20.259 [FXGL Background Thread 2 ] INFO  UpdaterService       - Your current version:  17.3
19:15:20.259 [FXGL Background Thread 2 ] INFO  UpdaterService       - Latest stable version: 21.1
19:15:21.398 [JavaFX Application Thread] DEBUG Menu                 - fireNewGame()
19:15:21.398 [JavaFX Application Thread] DEBUG GameApplicationServi - Starting new game
19:15:21.398 [JavaFX Application Thread] DEBUG PrimaryStageWindow   - Pop state: MainMenu
19:15:21.398 [JavaFX Application Thread] DEBUG Input                - Clearing active input actions
19:15:21.400 [JavaFX Application Thread] DEBUG GameApplicationServi - Removing overlay from MainMenu and adding to FXGLMainMenuDummyScene
19:15:21.400 [JavaFX Application Thread] DEBUG PrimaryStageWindow   - FXGLMainMenuDummyScene <- MainMenu
19:15:21.400 [JavaFX Application Thread] DEBUG Input                - Clearing active input actions
19:15:21.405 [JavaFX Application Thread] DEBUG GameApplicationServi - Removing overlay from FXGLMainMenuDummyScene and adding to FXGLLoadingScene
19:15:21.405 [JavaFX Application Thread] DEBUG PrimaryStageWindow   - FXGLMainMenuDummyScene -> FXGLLoadingScene
19:15:21.405 [JavaFX Application Thread] DEBUG GameApplicationServi - Clearing previous game
19:15:21.405 [JavaFX Application Thread] DEBUG GameScene            - Clearing game scene
19:15:21.405 [JavaFX Application Thread] DEBUG GameWorld            - Clearing game world
19:15:21.405 [JavaFX Application Thread] DEBUG PhysicsWorld         - Clearing physics world
19:15:21.407 [FXGL Background Thread 2 ] DEBUG FXGLApplication      - Initializing game
19:15:21.409 [FXGL Background Thread 2 ] DEBUG PrimaryStageWindow   - Push state: TransitionScreen
19:15:21.409 [FXGL Background Thread 2 ] DEBUG Input                - Clearing active input actions
19:15:21.419 [JavaFX Application Thread] DEBUG LoopRunner           - Stopping loop
19:15:21.420 [JavaFX Application Thread] FATAL FXGLApplication      - Uncaught Exception:
java.lang.RuntimeException: Initialization failed
	at com.almasb.fxgl.all@17.3/com.almasb.fxgl.app.FXGLApplication$InitAppTask.failed(FXGLApplication.kt:343)
	at javafx.graphics/javafx.concurrent.Task.setState(Task.java:710)
	at javafx.graphics/javafx.concurrent.Task$TaskCallable.lambda$call$2(Task.java:1456)
	at javafx.graphics/com.sun.javafx.application.PlatformImpl.lambda$runLater$10(PlatformImpl.java:457)
	at java.base/java.security.AccessController.doPrivileged(AccessController.java:400)
	at javafx.graphics/com.sun.javafx.application.PlatformImpl.lambda$runLater$11(PlatformImpl.java:456)
	at javafx.graphics/com.sun.glass.ui.InvokeLaterDispatcher$Future.run(InvokeLaterDispatcher.java:96)
	at javafx.graphics/com.sun.glass.ui.win.WinApplication._runLoop(Native Method)
	at javafx.graphics/com.sun.glass.ui.win.WinApplication.lambda$runLoop$3(WinApplication.java:184)
	at java.base/java.lang.Thread.run(Thread.java:1575)
Caused by: java.lang.IllegalStateException: Not on FX application thread; currentThread = FXGL Background Thread 2
	at javafx.graphics/com.sun.javafx.tk.Toolkit.checkFxUserThread(Toolkit.java:297)
	at javafx.graphics/com.sun.javafx.tk.quantum.QuantumToolkit.checkFxUserThread(QuantumToolkit.java:458)
	at javafx.graphics/javafx.scene.Parent$3.onProposedChange(Parent.java:474)
	at javafx.base/com.sun.javafx.collections.VetoableListDecorator.add(VetoableListDecorator.java:205)
	at com.almasb.fxgl.all@17.3/com.almasb.fxgl.app.MainWindow.pushState(MainWindow.kt:165)
	at com.almasb.fxgl.all@17.3/com.almasb.fxgl.app.FXGLApplication$GameApplicationService.pushSubScene(FXGLApplication.kt:711)
	at com.wi3uplus2.cleanup/com.wi3uplus2.cleanup.FXGLScrap.CleanUpApp.initUI(CleanUpApp.java:66)
	at com.almasb.fxgl.all@17.3/com.almasb.fxgl.app.FXGLApplication$InitAppTask.call(FXGLApplication.kt:321)
	at com.almasb.fxgl.all@17.3/com.almasb.fxgl.app.FXGLApplication$InitAppTask.call(FXGLApplication.kt:311)
	at javafx.graphics/javafx.concurrent.Task$TaskCallable.call(Task.java:1426)
	at java.base/java.util.concurrent.FutureTask.run(FutureTask.java:317)
	at java.base/java.util.concurrent.Executors$RunnableAdapter.call(Executors.java:572)
	at java.base/java.util.concurrent.FutureTask.run(FutureTask.java:317)
	at java.base/java.util.concurrent.ThreadPoolExecutor.runWorker(ThreadPoolExecutor.java:1144)
	at java.base/java.util.concurrent.ThreadPoolExecutor$Worker.run(ThreadPoolExecutor.java:642)
	... 1 more

19:15:21.420 [JavaFX Application Thread] FATAL FXGLApplication      - Application will now exit
19:15:21.431 [JavaFX Application Thread] DEBUG PrimaryStageWindow   - Push state: ErrorSubScene
19:15:21.431 [JavaFX Application Thread] DEBUG Input                - Clearing active input actions
19:15:21.433 [JavaFX Application Thread] DEBUG GameApplicationServi - Removing overlay from FXGLLoadingScene and adding to ErrorSubScene
19:15:21.434 [JavaFX Application Thread] DEBUG PrimaryStageWindow   - TransitionScreen -> ErrorSubScene
19:15:22.855 [FXGL Background Thread 3 ] DEBUG Engine               - Logging environment variables
19:15:22.855 [FXGL Background Thread 3 ] DEBUG Engine               - achievements: []
19:15:22.855 [FXGL Background Thread 3 ] DEBUG Engine               - actualHeight: 600.0
19:15:22.855 [FXGL Background Thread 3 ] DEBUG Engine               - actualHeightProperty: ReadOnlyDoubleProperty [value: 600.0]
19:15:22.855 [FXGL Background Thread 3 ] DEBUG Engine               - actualWidth: 600.0
19:15:22.855 [FXGL Background Thread 3 ] DEBUG Engine               - actualWidthProperty: ReadOnlyDoubleProperty [value: 600.0]
19:15:22.855 [FXGL Background Thread 3 ] DEBUG Engine               - appIcon: fxgl_icon.png
19:15:22.855 [FXGL Background Thread 3 ] DEBUG Engine               - applicationMode: DEVELOPER
19:15:22.856 [FXGL Background Thread 3 ] DEBUG Engine               - cSSList: [fxgl_dark.css]
19:15:22.856 [FXGL Background Thread 3 ] DEBUG Engine               - collisionDetectionStrategy: BRUTE_FORCE
19:15:22.856 [FXGL Background Thread 3 ] DEBUG Engine               - configClass: Optional.empty
19:15:22.856 [FXGL Background Thread 3 ] DEBUG Engine               - credits: []
19:15:22.856 [FXGL Background Thread 3 ] DEBUG Engine               - defaultCursor: CursorInfo(imageName=fxgl_default_cursor.png, hotspotX=7.0, hotspotY=6.0)
19:15:22.856 [FXGL Background Thread 3 ] DEBUG Engine               - devBBoxColorProperty: ObjectProperty [value: 0xff0000ff]
19:15:22.856 [FXGL Background Thread 3 ] DEBUG Engine               - devEnableDebugCameraProperty: BooleanProperty [value: false]
19:15:22.856 [FXGL Background Thread 3 ] DEBUG Engine               - devSensorColorProperty: ObjectProperty [value: 0xffff00ff]
19:15:22.856 [FXGL Background Thread 3 ] DEBUG Engine               - devShowBBoxProperty: BooleanProperty [value: false]
19:15:22.856 [FXGL Background Thread 3 ] DEBUG Engine               - devShowPositionProperty: BooleanProperty [value: false]
19:15:22.856 [FXGL Background Thread 3 ] DEBUG Engine               - enabledMenuItems: []
19:15:22.856 [FXGL Background Thread 3 ] DEBUG Engine               - engineServices: [class com.almasb.fxgl.app.services.FXGLAssetLoaderService, class com.almasb.fxgl.app.FXGLApplication$GameApplicationService, class com.almasb.fxgl.app.services.FXGLDialogService, class com.almasb.fxgl.app.services.IOTaskExecutorService, class com.almasb.fxgl.io.FileSystemService, class com.almasb.fxgl.localization.LocalizationService, class com.almasb.fxgl.app.services.SystemBundleService, class com.almasb.fxgl.profile.SaveLoadService, class com.almasb.fxgl.ui.FXGLUIFactoryServiceProvider, class com.almasb.fxgl.ui.FXGLDialogFactoryServiceProvider, class com.almasb.fxgl.audio.AudioPlayer, class com.almasb.fxgl.notification.impl.NotificationServiceProvider, class com.almasb.fxgl.achievement.AchievementService, class com.almasb.fxgl.cutscene.CutsceneService, class com.almasb.fxgl.minigames.MiniGameService, class com.almasb.fxgl.net.NetService, class com.almasb.fxgl.app.services.UpdaterService, class com.almasb.fxgl.dev.DevService]
19:15:22.856 [FXGL Background Thread 3 ] DEBUG Engine               - fontGame: Abel-Regular.ttf
19:15:22.856 [FXGL Background Thread 3 ] DEBUG Engine               - fontMono: TerminalLandMono-Regular.otf
19:15:22.858 [FXGL Background Thread 3 ] DEBUG Engine               - fontSizeScaleUI: 1.0
19:15:22.858 [FXGL Background Thread 3 ] DEBUG Engine               - fontText: Courier-Prime.ttf
19:15:22.858 [FXGL Background Thread 3 ] DEBUG Engine               - fontUI: VarelaRound-Regular.ttf
19:15:22.858 [FXGL Background Thread 3 ] DEBUG Engine               - fullScreen: BooleanProperty [value: false]
19:15:22.858 [FXGL Background Thread 3 ] DEBUG Engine               - gameDifficulty: MEDIUM
19:15:22.858 [FXGL Background Thread 3 ] DEBUG Engine               - gameDifficultyProperty: ObjectProperty [value: MEDIUM]
19:15:22.858 [FXGL Background Thread 3 ] DEBUG Engine               - globalMusicVolume: 0.5
19:15:22.858 [FXGL Background Thread 3 ] DEBUG Engine               - globalMusicVolumeProperty: DoubleProperty [value: 0.5]
19:15:22.858 [FXGL Background Thread 3 ] DEBUG Engine               - globalSoundVolume: 0.5
19:15:22.858 [FXGL Background Thread 3 ] DEBUG Engine               - globalSoundVolumeProperty: DoubleProperty [value: 0.5]
19:15:22.858 [FXGL Background Thread 3 ] DEBUG Engine               - height: 600
19:15:22.858 [FXGL Background Thread 3 ] DEBUG Engine               - is3D: false
19:15:22.858 [FXGL Background Thread 3 ] DEBUG Engine               - isAndroid: false
19:15:22.858 [FXGL Background Thread 3 ] DEBUG Engine               - isBrowser: false
19:15:22.858 [FXGL Background Thread 3 ] DEBUG Engine               - isClickFeedbackEnabled: false
19:15:22.858 [FXGL Background Thread 3 ] DEBUG Engine               - isCloseConfirmation: false
19:15:22.858 [FXGL Background Thread 3 ] DEBUG Engine               - isDesktop: true
19:15:22.858 [FXGL Background Thread 3 ] DEBUG Engine               - isDeveloperMenuEnabled: false
19:15:22.858 [FXGL Background Thread 3 ] DEBUG Engine               - isEmbedded: false
19:15:22.858 [FXGL Background Thread 3 ] DEBUG Engine               - isEntityPreloadEnabled: true
19:15:22.858 [FXGL Background Thread 3 ] DEBUG Engine               - isExperimentalTiledLargeMap: false
19:15:22.858 [FXGL Background Thread 3 ] DEBUG Engine               - isFileSystemWriteAllowed: true
19:15:22.858 [FXGL Background Thread 3 ] DEBUG Engine               - isFullScreenAllowed: false
19:15:22.858 [FXGL Background Thread 3 ] DEBUG Engine               - isFullScreenFromStart: false
19:15:22.858 [FXGL Background Thread 3 ] DEBUG Engine               - isGameMenuEnabled: false
19:15:22.858 [FXGL Background Thread 3 ] DEBUG Engine               - isIOS: false
19:15:22.858 [FXGL Background Thread 3 ] DEBUG Engine               - isIntroEnabled: false
19:15:22.858 [FXGL Background Thread 3 ] DEBUG Engine               - isLinux: false
19:15:22.858 [FXGL Background Thread 3 ] DEBUG Engine               - isMac: false
19:15:22.858 [FXGL Background Thread 3 ] DEBUG Engine               - isMainMenuEnabled: true
19:15:22.858 [FXGL Background Thread 3 ] DEBUG Engine               - isManualResizeEnabled: false
19:15:22.859 [FXGL Background Thread 3 ] DEBUG Engine               - isMobile: false
19:15:22.859 [FXGL Background Thread 3 ] DEBUG Engine               - isNative: false
19:15:22.859 [FXGL Background Thread 3 ] DEBUG Engine               - isPauseMusicWhenMinimized: true
19:15:22.859 [FXGL Background Thread 3 ] DEBUG Engine               - isPreserveResizeRatio: false
19:15:22.859 [FXGL Background Thread 3 ] DEBUG Engine               - isProfilingEnabled: false
19:15:22.859 [FXGL Background Thread 3 ] DEBUG Engine               - isScaleAffectedOnResize: true
19:15:22.859 [FXGL Background Thread 3 ] DEBUG Engine               - isSingleStep: false
19:15:22.859 [FXGL Background Thread 3 ] DEBUG Engine               - isUserProfileEnabled: false
19:15:22.859 [FXGL Background Thread 3 ] DEBUG Engine               - isWindows: true
19:15:22.859 [FXGL Background Thread 3 ] DEBUG Engine               - language: ObjectProperty [value: ENGLISH]
19:15:22.859 [FXGL Background Thread 3 ] DEBUG Engine               - menuKey: ESCAPE
19:15:22.859 [FXGL Background Thread 3 ] DEBUG Engine               - mouseSensitivity: 0.2
19:15:22.859 [FXGL Background Thread 3 ] DEBUG Engine               - notificationViewClass: class com.almasb.fxgl.notification.view.XboxNotificationView
19:15:22.859 [FXGL Background Thread 3 ] DEBUG Engine               - pixelsPerMeter: 50.0
19:15:22.859 [FXGL Background Thread 3 ] DEBUG Engine               - platform: WINDOWS
19:15:22.859 [FXGL Background Thread 3 ] DEBUG Engine               - prefHeightProperty: ReadOnlyDoubleProperty [value: 600.0]
19:15:22.859 [FXGL Background Thread 3 ] DEBUG Engine               - prefWidthProperty: ReadOnlyDoubleProperty [value: 600.0]
19:15:22.859 [FXGL Background Thread 3 ] DEBUG Engine               - profileDir: profiles/
19:15:22.859 [FXGL Background Thread 3 ] DEBUG Engine               - profileName: StringProperty [value: DEFAULT]
19:15:22.859 [FXGL Background Thread 3 ] DEBUG Engine               - randomSeed: -1
19:15:22.859 [FXGL Background Thread 3 ] DEBUG Engine               - runtimeInfo: RuntimeInfo(platform=WINDOWS, version=17.3, build=30.03.2023 11.49)
19:15:22.859 [FXGL Background Thread 3 ] DEBUG Engine               - saveFileExt: sav
19:15:22.859 [FXGL Background Thread 3 ] DEBUG Engine               - scaledHeightProp$fxgl: DoubleProperty [bound, value: 600.0]
19:15:22.859 [FXGL Background Thread 3 ] DEBUG Engine               - scaledWidthProp$fxgl: DoubleProperty [bound, value: 600.0]
19:15:22.860 [FXGL Background Thread 3 ] DEBUG Engine               - sceneFactory: com.wi3uplus2.cleanup.FXGLScrap.SceneController@4e6fcc2f
19:15:22.860 [FXGL Background Thread 3 ] DEBUG Engine               - secondsIn24h: 60
19:15:22.860 [FXGL Background Thread 3 ] DEBUG Engine               - soundMenuBack: menu/back.wav
19:15:22.860 [FXGL Background Thread 3 ] DEBUG Engine               - soundMenuPress: menu/press.wav
19:15:22.860 [FXGL Background Thread 3 ] DEBUG Engine               - soundMenuSelect: menu/select.wav
19:15:22.860 [FXGL Background Thread 3 ] DEBUG Engine               - soundNotification: core/notification.wav
19:15:22.860 [FXGL Background Thread 3 ] DEBUG Engine               - stageStyle: DECORATED
19:15:22.860 [FXGL Background Thread 3 ] DEBUG Engine               - supportedLanguages: [ENGLISH, FRENCH, GERMAN, HUNGARIAN, RUSSIAN]
19:15:22.860 [FXGL Background Thread 3 ] DEBUG Engine               - ticksPerSecond: -1
19:15:22.860 [FXGL Background Thread 3 ] DEBUG Engine               - title: Clean Up!
19:15:22.860 [FXGL Background Thread 3 ] DEBUG Engine               - urlGithub: https://github.com/AlmasB/FXGL
19:15:22.860 [FXGL Background Thread 3 ] DEBUG Engine               - urlLeaderboard: http://fxgl-top.herokuapp.com/
19:15:22.860 [FXGL Background Thread 3 ] DEBUG Engine               - urlPOM: https://raw.githubusercontent.com/AlmasB/FXGL/release/README.md
19:15:22.860 [FXGL Background Thread 3 ] DEBUG Engine               - userAppClass: class com.wi3uplus2.cleanup.FXGLScrap.CleanUpApp
19:15:22.860 [FXGL Background Thread 3 ] DEBUG Engine               - version: 0.0
19:15:22.860 [FXGL Background Thread 3 ] DEBUG Engine               - versionCheckDays: 7
19:15:22.860 [FXGL Background Thread 3 ] DEBUG Engine               - width: 600
19:15:22.860 [FXGL Background Thread 3 ] DEBUG Engine               - Logging services
19:15:22.860 [FXGL Background Thread 3 ] DEBUG Engine               - class com.almasb.fxgl.app.services.FXGLAssetLoaderService
19:15:22.860 [FXGL Background Thread 3 ] DEBUG Engine               - class com.almasb.fxgl.app.FXGLApplication$GameApplicationService
19:15:22.860 [FXGL Background Thread 3 ] DEBUG Engine               - class com.almasb.fxgl.app.services.FXGLDialogService
19:15:22.860 [FXGL Background Thread 3 ] DEBUG Engine               - class com.almasb.fxgl.app.services.IOTaskExecutorService
19:15:22.860 [FXGL Background Thread 3 ] DEBUG Engine               - class com.almasb.fxgl.io.FileSystemService
19:15:22.860 [FXGL Background Thread 3 ] DEBUG Engine               - class com.almasb.fxgl.localization.LocalizationService
19:15:22.860 [FXGL Background Thread 3 ] DEBUG Engine               - class com.almasb.fxgl.app.services.SystemBundleService
19:15:22.860 [FXGL Background Thread 3 ] DEBUG Engine               - class com.almasb.fxgl.profile.SaveLoadService
19:15:22.860 [FXGL Background Thread 3 ] DEBUG Engine               - class com.almasb.fxgl.ui.FXGLUIFactoryServiceProvider
19:15:22.860 [FXGL Background Thread 3 ] DEBUG Engine               - class com.almasb.fxgl.ui.FXGLDialogFactoryServiceProvider
19:15:22.860 [FXGL Background Thread 3 ] DEBUG Engine               - class com.almasb.fxgl.audio.AudioPlayer
19:15:22.861 [FXGL Background Thread 3 ] DEBUG Engine               - class com.almasb.fxgl.notification.impl.NotificationServiceProvider
19:15:22.861 [FXGL Background Thread 3 ] DEBUG Engine               - class com.almasb.fxgl.achievement.AchievementService
19:15:22.861 [FXGL Background Thread 3 ] DEBUG Engine               - class com.almasb.fxgl.cutscene.CutsceneService
19:15:22.861 [FXGL Background Thread 3 ] DEBUG Engine               - class com.almasb.fxgl.minigames.MiniGameService
19:15:22.861 [FXGL Background Thread 3 ] DEBUG Engine               - class com.almasb.fxgl.net.NetService
19:15:22.861 [FXGL Background Thread 3 ] DEBUG Engine               - class com.almasb.fxgl.app.services.UpdaterService
19:15:22.861 [FXGL Background Thread 3 ] DEBUG Engine               - class com.almasb.fxgl.dev.DevService
19:15:34.384 [JavaFX Application Thread] DEBUG FXGLApplication      - Exiting FXGL
19:15:34.384 [JavaFX Application Thread] DEBUG Async                - Shutting down background threads
19:15:34.385 [JavaFX Application Thread] DEBUG PrimaryStageWindow   - Closing main window
19:15:34.400 [JavaFX Application Thread] DEBUG Logger               - Closing Logger
